Analysis & Synthesis report for sadv3
Tue Oct 10 20:41:30 2023
Quartus II 64-Bit Version 13.0.1 Build 232 06/12/2013 Service Pack 1 SJ Web Edition


---------------------
; Table of Contents ;
---------------------
  1. Legal Notice
  2. Analysis & Synthesis Summary
  3. Analysis & Synthesis Settings
  4. Parallel Compilation
  5. Analysis & Synthesis Source Files Read
  6. Analysis & Synthesis Resource Usage Summary
  7. Analysis & Synthesis Resource Utilization by Entity
  8. State Machine - |topo|sad_controle:controle|EstadoAtual
  9. General Register Statistics
 10. Parameter Settings for User Entity Instance: sad_operativo:datapath|MUX2X1:mux_i
 11. Parameter Settings for User Entity Instance: sad_operativo:datapath|registrador:reg_i
 12. Parameter Settings for User Entity Instance: sad_operativo:datapath|somadorover:somador_i
 13. Parameter Settings for User Entity Instance: sad_operativo:datapath|registrador:reg_pA0
 14. Parameter Settings for User Entity Instance: sad_operativo:datapath|registrador:reg_pA1
 15. Parameter Settings for User Entity Instance: sad_operativo:datapath|registrador:reg_pA2
 16. Parameter Settings for User Entity Instance: sad_operativo:datapath|registrador:reg_pA3
 17. Parameter Settings for User Entity Instance: sad_operativo:datapath|registrador:reg_pB0
 18. Parameter Settings for User Entity Instance: sad_operativo:datapath|registrador:reg_pB1
 19. Parameter Settings for User Entity Instance: sad_operativo:datapath|registrador:reg_pB2
 20. Parameter Settings for User Entity Instance: sad_operativo:datapath|registrador:reg_pB3
 21. Parameter Settings for User Entity Instance: sad_operativo:datapath|subtrator:sub0
 22. Parameter Settings for User Entity Instance: sad_operativo:datapath|subtrator:sub1
 23. Parameter Settings for User Entity Instance: sad_operativo:datapath|subtrator:sub2
 24. Parameter Settings for User Entity Instance: sad_operativo:datapath|subtrator:sub3
 25. Parameter Settings for User Entity Instance: sad_operativo:datapath|somadorover:somador_0
 26. Parameter Settings for User Entity Instance: sad_operativo:datapath|somadorover:somador_1
 27. Parameter Settings for User Entity Instance: sad_operativo:datapath|somadorover:somador_2
 28. Parameter Settings for User Entity Instance: sad_operativo:datapath|somador:somador_total
 29. Parameter Settings for User Entity Instance: sad_operativo:datapath|MUX2X1:mux_14bits
 30. Parameter Settings for User Entity Instance: sad_operativo:datapath|registrador:reg_soma
 31. Parameter Settings for User Entity Instance: sad_operativo:datapath|registrador:reg_SAD
 32. Port Connectivity Checks: "sad_operativo:datapath|MUX2X1:mux_14bits"
 33. Port Connectivity Checks: "sad_operativo:datapath|somador:somador_total"
 34. Port Connectivity Checks: "sad_operativo:datapath|somadorover:somador_i"
 35. Port Connectivity Checks: "sad_operativo:datapath|MUX2X1:mux_i"
 36. Elapsed Time Per Partition
 37. Analysis & Synthesis Messages



----------------
; Legal Notice ;
----------------
Copyright (C) 1991-2013 Altera Corporation
Your use of Altera Corporation's design tools, logic functions 
and other software and tools, and its AMPP partner logic 
functions, and any output files from any of the foregoing 
(including device programming or simulation files), and any 
associated documentation or information are expressly subject 
to the terms and conditions of the Altera Program License 
Subscription Agreement, Altera MegaCore Function License 
Agreement, or other applicable license agreement, including, 
without limitation, that your use is for the sole purpose of 
programming logic devices manufactured by Altera and sold by 
Altera or its authorized distributors.  Please refer to the 
applicable agreement for further details.



+--------------------------------------------------------------------------------------+
; Analysis & Synthesis Summary                                                         ;
+------------------------------------+-------------------------------------------------+
; Analysis & Synthesis Status        ; Successful - Tue Oct 10 20:41:30 2023           ;
; Quartus II 64-Bit Version          ; 13.0.1 Build 232 06/12/2013 SP 1 SJ Web Edition ;
; Revision Name                      ; sadv3                                           ;
; Top-level Entity Name              ; topo                                            ;
; Family                             ; Cyclone III                                     ;
; Total logic elements               ; 260                                             ;
;     Total combinational functions  ; 181                                             ;
;     Dedicated logic registers      ; 103                                             ;
; Total registers                    ; 103                                             ;
; Total pins                         ; 87                                              ;
; Total virtual pins                 ; 0                                               ;
; Total memory bits                  ; 0                                               ;
; Embedded Multiplier 9-bit elements ; 0                                               ;
; Total PLLs                         ; 0                                               ;
+------------------------------------+-------------------------------------------------+


+----------------------------------------------------------------------------------------------------------------------+
; Analysis & Synthesis Settings                                                                                        ;
+----------------------------------------------------------------------------+--------------------+--------------------+
; Option                                                                     ; Setting            ; Default Value      ;
+----------------------------------------------------------------------------+--------------------+--------------------+
; Device                                                                     ; EP3C5E144C7        ;                    ;
; Top-level entity name                                                      ; topo               ; sadv3              ;
; Family name                                                                ; Cyclone III        ; Cyclone IV GX      ;
; Use smart compilation                                                      ; Off                ; Off                ;
; Enable parallel Assembler and TimeQuest Timing Analyzer during compilation ; On                 ; On                 ;
; Enable compact report table                                                ; Off                ; Off                ;
; Restructure Multiplexers                                                   ; Auto               ; Auto               ;
; Create Debugging Nodes for IP Cores                                        ; Off                ; Off                ;
; Preserve fewer node names                                                  ; On                 ; On                 ;
; Disable OpenCore Plus hardware evaluation                                  ; Off                ; Off                ;
; Verilog Version                                                            ; Verilog_2001       ; Verilog_2001       ;
; VHDL Version                                                               ; VHDL_1993          ; VHDL_1993          ;
; State Machine Processing                                                   ; Auto               ; Auto               ;
; Safe State Machine                                                         ; Off                ; Off                ;
; Extract Verilog State Machines                                             ; On                 ; On                 ;
; Extract VHDL State Machines                                                ; On                 ; On                 ;
; Ignore Verilog initial constructs                                          ; Off                ; Off                ;
; Iteration limit for constant Verilog loops                                 ; 5000               ; 5000               ;
; Iteration limit for non-constant Verilog loops                             ; 250                ; 250                ;
; Add Pass-Through Logic to Inferred RAMs                                    ; On                 ; On                 ;
; Infer RAMs from Raw Logic                                                  ; On                 ; On                 ;
; Parallel Synthesis                                                         ; On                 ; On                 ;
; DSP Block Balancing                                                        ; Auto               ; Auto               ;
; NOT Gate Push-Back                                                         ; On                 ; On                 ;
; Power-Up Don't Care                                                        ; On                 ; On                 ;
; Remove Redundant Logic Cells                                               ; Off                ; Off                ;
; Remove Duplicate Registers                                                 ; On                 ; On                 ;
; Ignore CARRY Buffers                                                       ; Off                ; Off                ;
; Ignore CASCADE Buffers                                                     ; Off                ; Off                ;
; Ignore GLOBAL Buffers                                                      ; Off                ; Off                ;
; Ignore ROW GLOBAL Buffers                                                  ; Off                ; Off                ;
; Ignore LCELL Buffers                                                       ; Off                ; Off                ;
; Ignore SOFT Buffers                                                        ; On                 ; On                 ;
; Limit AHDL Integers to 32 Bits                                             ; Off                ; Off                ;
; Optimization Technique                                                     ; Balanced           ; Balanced           ;
; Carry Chain Length                                                         ; 70                 ; 70                 ;
; Auto Carry Chains                                                          ; On                 ; On                 ;
; Auto Open-Drain Pins                                                       ; On                 ; On                 ;
; Perform WYSIWYG Primitive Resynthesis                                      ; Off                ; Off                ;
; Auto ROM Replacement                                                       ; On                 ; On                 ;
; Auto RAM Replacement                                                       ; On                 ; On                 ;
; Auto DSP Block Replacement                                                 ; On                 ; On                 ;
; Auto Shift Register Replacement                                            ; Auto               ; Auto               ;
; Allow Shift Register Merging across Hierarchies                            ; Auto               ; Auto               ;
; Auto Clock Enable Replacement                                              ; On                 ; On                 ;
; Strict RAM Replacement                                                     ; Off                ; Off                ;
; Allow Synchronous Control Signals                                          ; On                 ; On                 ;
; Force Use of Synchronous Clear Signals                                     ; Off                ; Off                ;
; Auto RAM Block Balancing                                                   ; On                 ; On                 ;
; Auto RAM to Logic Cell Conversion                                          ; Off                ; Off                ;
; Auto Resource Sharing                                                      ; Off                ; Off                ;
; Allow Any RAM Size For Recognition                                         ; Off                ; Off                ;
; Allow Any ROM Size For Recognition                                         ; Off                ; Off                ;
; Allow Any Shift Register Size For Recognition                              ; Off                ; Off                ;
; Use LogicLock Constraints during Resource Balancing                        ; On                 ; On                 ;
; Ignore translate_off and synthesis_off directives                          ; Off                ; Off                ;
; Timing-Driven Synthesis                                                    ; On                 ; On                 ;
; Report Parameter Settings                                                  ; On                 ; On                 ;
; Report Source Assignments                                                  ; On                 ; On                 ;
; Report Connectivity Checks                                                 ; On                 ; On                 ;
; Ignore Maximum Fan-Out Assignments                                         ; Off                ; Off                ;
; Synchronization Register Chain Length                                      ; 2                  ; 2                  ;
; PowerPlay Power Optimization                                               ; Normal compilation ; Normal compilation ;
; HDL message level                                                          ; Level2             ; Level2             ;
; Suppress Register Optimization Related Messages                            ; Off                ; Off                ;
; Number of Removed Registers Reported in Synthesis Report                   ; 5000               ; 5000               ;
; Number of Swept Nodes Reported in Synthesis Report                         ; 5000               ; 5000               ;
; Number of Inverted Registers Reported in Synthesis Report                  ; 100                ; 100                ;
; Clock MUX Protection                                                       ; On                 ; On                 ;
; Auto Gated Clock Conversion                                                ; Off                ; Off                ;
; Block Design Naming                                                        ; Auto               ; Auto               ;
; SDC constraint protection                                                  ; Off                ; Off                ;
; Synthesis Effort                                                           ; Auto               ; Auto               ;
; Shift Register Replacement - Allow Asynchronous Clear Signal               ; On                 ; On                 ;
; Pre-Mapping Resynthesis Optimization                                       ; Off                ; Off                ;
; Analysis & Synthesis Message Level                                         ; Medium             ; Medium             ;
; Disable Register Merging Across Hierarchies                                ; Auto               ; Auto               ;
; Resource Aware Inference For Block RAM                                     ; On                 ; On                 ;
; Synthesis Seed                                                             ; 1                  ; 1                  ;
+----------------------------------------------------------------------------+--------------------+--------------------+


Parallel compilation was disabled, but you have multiple processors available. Enable parallel compilation to reduce compilation time.
+-------------------------------------+
; Parallel Compilation                ;
+----------------------------+--------+
; Processors                 ; Number ;
+----------------------------+--------+
; Number detected on machine ; 8      ;
; Maximum allowed            ; 1      ;
+----------------------------+--------+


+----------------------------------------------------------------------------------------------------------------------------------------------------------------------------------------------+
; Analysis & Synthesis Source Files Read                                                                                                                                                       ;
+----------------------------------+-----------------+-----------------+-------------------------------------------------------------------------------------------------------------+---------+
; File Name with User-Entered Path ; Used in Netlist ; File Type       ; File Name with Absolute Path                                                                                ; Library ;
+----------------------------------+-----------------+-----------------+-------------------------------------------------------------------------------------------------------------+---------+
; topo.vhd                         ; yes             ; User VHDL File  ; C:/Users/victo/OneDrive/Documentos/GitHub/sistemas-digitais/Relatorios/Relatorio 2/sad-v3/topo.vhd          ;         ;
; subtrator.vhd                    ; yes             ; User VHDL File  ; C:/Users/victo/OneDrive/Documentos/GitHub/sistemas-digitais/Relatorios/Relatorio 2/sad-v3/subtrator.vhd     ;         ;
; somadorover.vhd                  ; yes             ; User VHDL File  ; C:/Users/victo/OneDrive/Documentos/GitHub/sistemas-digitais/Relatorios/Relatorio 2/sad-v3/somadorover.vhd   ;         ;
; somador.vhd                      ; yes             ; User VHDL File  ; C:/Users/victo/OneDrive/Documentos/GitHub/sistemas-digitais/Relatorios/Relatorio 2/sad-v3/somador.vhd       ;         ;
; sad_operativo.vhd                ; yes             ; User VHDL File  ; C:/Users/victo/OneDrive/Documentos/GitHub/sistemas-digitais/Relatorios/Relatorio 2/sad-v3/sad_operativo.vhd ;         ;
; sad_controle.vhd                 ; yes             ; User VHDL File  ; C:/Users/victo/OneDrive/Documentos/GitHub/sistemas-digitais/Relatorios/Relatorio 2/sad-v3/sad_controle.vhd  ;         ;
; registrador.vhd                  ; yes             ; User VHDL File  ; C:/Users/victo/OneDrive/Documentos/GitHub/sistemas-digitais/Relatorios/Relatorio 2/sad-v3/registrador.vhd   ;         ;
; MUX2X1.vhd                       ; yes             ; User VHDL File  ; C:/Users/victo/OneDrive/Documentos/GitHub/sistemas-digitais/Relatorios/Relatorio 2/sad-v3/MUX2X1.vhd        ;         ;
+----------------------------------+-----------------+-----------------+-------------------------------------------------------------------------------------------------------------+---------+


+--------------------------------------------------------+
; Analysis & Synthesis Resource Usage Summary            ;
+---------------------------------------------+----------+
; Resource                                    ; Usage    ;
+---------------------------------------------+----------+
; Estimated Total logic elements              ; 260      ;
;                                             ;          ;
; Total combinational functions               ; 181      ;
; Logic element usage by number of LUT inputs ;          ;
;     -- 4 input functions                    ; 2        ;
;     -- 3 input functions                    ; 153      ;
;     -- <=2 input functions                  ; 26       ;
;                                             ;          ;
; Logic elements by mode                      ;          ;
;     -- normal mode                          ; 59       ;
;     -- arithmetic mode                      ; 122      ;
;                                             ;          ;
; Total registers                             ; 103      ;
;     -- Dedicated logic registers            ; 103      ;
;     -- I/O registers                        ; 0        ;
;                                             ;          ;
; I/O pins                                    ; 87       ;
; Embedded Multiplier 9-bit elements          ; 0        ;
; Maximum fan-out node                        ; ck~input ;
; Maximum fan-out                             ; 103      ;
; Total fan-out                               ; 941      ;
; Average fan-out                             ; 2.05     ;
+---------------------------------------------+----------+


+---------------------------------------------------------------------------------------------------------------------------------------------------------------------------------------------------------------+
; Analysis & Synthesis Resource Utilization by Entity                                                                                                                                                           ;
+-------------------------------+-------------------+--------------+-------------+--------------+---------+-----------+------+--------------+----------------------------------------------------+--------------+
; Compilation Hierarchy Node    ; LC Combinationals ; LC Registers ; Memory Bits ; DSP Elements ; DSP 9x9 ; DSP 18x18 ; Pins ; Virtual Pins ; Full Hierarchy Name                                ; Library Name ;
+-------------------------------+-------------------+--------------+-------------+--------------+---------+-----------+------+--------------+----------------------------------------------------+--------------+
; |topo                         ; 181 (0)           ; 103 (0)      ; 0           ; 0            ; 0       ; 0         ; 87   ; 0            ; |topo                                              ; work         ;
;    |sad_controle:controle|    ; 5 (5)             ; 6 (6)        ; 0           ; 0            ; 0       ; 0         ; 0    ; 0            ; |topo|sad_controle:controle                        ; work         ;
;    |sad_operativo:datapath|   ; 176 (0)           ; 97 (0)       ; 0           ; 0            ; 0       ; 0         ; 0    ; 0            ; |topo|sad_operativo:datapath                       ; work         ;
;       |MUX2X1:mux_i|          ; 3 (3)             ; 0 (0)        ; 0           ; 0            ; 0       ; 0         ; 0    ; 0            ; |topo|sad_operativo:datapath|MUX2X1:mux_i          ; work         ;
;       |registrador:reg_SAD|   ; 0 (0)             ; 14 (14)      ; 0           ; 0            ; 0       ; 0         ; 0    ; 0            ; |topo|sad_operativo:datapath|registrador:reg_SAD   ; work         ;
;       |registrador:reg_i|     ; 0 (0)             ; 5 (5)        ; 0           ; 0            ; 0       ; 0         ; 0    ; 0            ; |topo|sad_operativo:datapath|registrador:reg_i     ; work         ;
;       |registrador:reg_pA0|   ; 0 (0)             ; 8 (8)        ; 0           ; 0            ; 0       ; 0         ; 0    ; 0            ; |topo|sad_operativo:datapath|registrador:reg_pA0   ; work         ;
;       |registrador:reg_pA1|   ; 0 (0)             ; 8 (8)        ; 0           ; 0            ; 0       ; 0         ; 0    ; 0            ; |topo|sad_operativo:datapath|registrador:reg_pA1   ; work         ;
;       |registrador:reg_pA2|   ; 0 (0)             ; 8 (8)        ; 0           ; 0            ; 0       ; 0         ; 0    ; 0            ; |topo|sad_operativo:datapath|registrador:reg_pA2   ; work         ;
;       |registrador:reg_pA3|   ; 0 (0)             ; 8 (8)        ; 0           ; 0            ; 0       ; 0         ; 0    ; 0            ; |topo|sad_operativo:datapath|registrador:reg_pA3   ; work         ;
;       |registrador:reg_pB0|   ; 0 (0)             ; 8 (8)        ; 0           ; 0            ; 0       ; 0         ; 0    ; 0            ; |topo|sad_operativo:datapath|registrador:reg_pB0   ; work         ;
;       |registrador:reg_pB1|   ; 0 (0)             ; 8 (8)        ; 0           ; 0            ; 0       ; 0         ; 0    ; 0            ; |topo|sad_operativo:datapath|registrador:reg_pB1   ; work         ;
;       |registrador:reg_pB2|   ; 0 (0)             ; 8 (8)        ; 0           ; 0            ; 0       ; 0         ; 0    ; 0            ; |topo|sad_operativo:datapath|registrador:reg_pB2   ; work         ;
;       |registrador:reg_pB3|   ; 0 (0)             ; 8 (8)        ; 0           ; 0            ; 0       ; 0         ; 0    ; 0            ; |topo|sad_operativo:datapath|registrador:reg_pB3   ; work         ;
;       |registrador:reg_soma|  ; 14 (14)           ; 14 (14)      ; 0           ; 0            ; 0       ; 0         ; 0    ; 0            ; |topo|sad_operativo:datapath|registrador:reg_soma  ; work         ;
;       |somadorover:somador_0| ; 9 (9)             ; 0 (0)        ; 0           ; 0            ; 0       ; 0         ; 0    ; 0            ; |topo|sad_operativo:datapath|somadorover:somador_0 ; work         ;
;       |somadorover:somador_1| ; 9 (9)             ; 0 (0)        ; 0           ; 0            ; 0       ; 0         ; 0    ; 0            ; |topo|sad_operativo:datapath|somadorover:somador_1 ; work         ;
;       |somadorover:somador_2| ; 10 (10)           ; 0 (0)        ; 0           ; 0            ; 0       ; 0         ; 0    ; 0            ; |topo|sad_operativo:datapath|somadorover:somador_2 ; work         ;
;       |somadorover:somador_i| ; 3 (3)             ; 0 (0)        ; 0           ; 0            ; 0       ; 0         ; 0    ; 0            ; |topo|sad_operativo:datapath|somadorover:somador_i ; work         ;
;       |subtrator:sub0|        ; 32 (32)           ; 0 (0)        ; 0           ; 0            ; 0       ; 0         ; 0    ; 0            ; |topo|sad_operativo:datapath|subtrator:sub0        ; work         ;
;       |subtrator:sub1|        ; 32 (32)           ; 0 (0)        ; 0           ; 0            ; 0       ; 0         ; 0    ; 0            ; |topo|sad_operativo:datapath|subtrator:sub1        ; work         ;
;       |subtrator:sub2|        ; 32 (32)           ; 0 (0)        ; 0           ; 0            ; 0       ; 0         ; 0    ; 0            ; |topo|sad_operativo:datapath|subtrator:sub2        ; work         ;
;       |subtrator:sub3|        ; 32 (32)           ; 0 (0)        ; 0           ; 0            ; 0       ; 0         ; 0    ; 0            ; |topo|sad_operativo:datapath|subtrator:sub3        ; work         ;
+-------------------------------+-------------------+--------------+-------------+--------------+---------+-----------+------+--------------+----------------------------------------------------+--------------+
Note: For table entries with two numbers listed, the numbers in parentheses indicate the number of resources of the given type used by the specific entity alone. The numbers listed outside of parentheses indicate the total resources of the given type used by the specific entity and all of its sub-entities in the hierarchy.


Encoding Type:  One-Hot
+----------------------------------------------------------------------------------------------------------------------+
; State Machine - |topo|sad_controle:controle|EstadoAtual                                                              ;
+----------------+----------------+----------------+----------------+----------------+----------------+----------------+
; Name           ; EstadoAtual.S5 ; EstadoAtual.S4 ; EstadoAtual.S3 ; EstadoAtual.S2 ; EstadoAtual.S1 ; EstadoAtual.S0 ;
+----------------+----------------+----------------+----------------+----------------+----------------+----------------+
; EstadoAtual.S0 ; 0              ; 0              ; 0              ; 0              ; 0              ; 0              ;
; EstadoAtual.S1 ; 0              ; 0              ; 0              ; 0              ; 1              ; 1              ;
; EstadoAtual.S2 ; 0              ; 0              ; 0              ; 1              ; 0              ; 1              ;
; EstadoAtual.S3 ; 0              ; 0              ; 1              ; 0              ; 0              ; 1              ;
; EstadoAtual.S4 ; 0              ; 1              ; 0              ; 0              ; 0              ; 1              ;
; EstadoAtual.S5 ; 1              ; 0              ; 0              ; 0              ; 0              ; 1              ;
+----------------+----------------+----------------+----------------+----------------+----------------+----------------+


+------------------------------------------------------+
; General Register Statistics                          ;
+----------------------------------------------+-------+
; Statistic                                    ; Value ;
+----------------------------------------------+-------+
; Total registers                              ; 103   ;
; Number of registers using Synchronous Clear  ; 17    ;
; Number of registers using Synchronous Load   ; 0     ;
; Number of registers using Asynchronous Clear ; 6     ;
; Number of registers using Asynchronous Load  ; 0     ;
; Number of registers using Clock Enable       ; 97    ;
; Number of registers using Preset             ; 0     ;
+----------------------------------------------+-------+


+----------------------------------------------------------------------------------+
; Parameter Settings for User Entity Instance: sad_operativo:datapath|MUX2X1:mux_i ;
+----------------+-------+---------------------------------------------------------+
; Parameter Name ; Value ; Type                                                    ;
+----------------+-------+---------------------------------------------------------+
; n              ; 5     ; Signed Integer                                          ;
+----------------+-------+---------------------------------------------------------+
Note: In order to hide this table in the UI and the text report file, please set the "Show Parameter Settings in Synthesis Report" option in "Analysis and Synthesis Settings -> More Settings" to "Off".


+---------------------------------------------------------------------------------------+
; Parameter Settings for User Entity Instance: sad_operativo:datapath|registrador:reg_i ;
+----------------+-------+--------------------------------------------------------------+
; Parameter Name ; Value ; Type                                                         ;
+----------------+-------+--------------------------------------------------------------+
; n              ; 5     ; Signed Integer                                               ;
+----------------+-------+--------------------------------------------------------------+
Note: In order to hide this table in the UI and the text report file, please set the "Show Parameter Settings in Synthesis Report" option in "Analysis and Synthesis Settings -> More Settings" to "Off".


+-------------------------------------------------------------------------------------------+
; Parameter Settings for User Entity Instance: sad_operativo:datapath|somadorover:somador_i ;
+----------------+-------+------------------------------------------------------------------+
; Parameter Name ; Value ; Type                                                             ;
+----------------+-------+------------------------------------------------------------------+
; n              ; 4     ; Signed Integer                                                   ;
+----------------+-------+------------------------------------------------------------------+
Note: In order to hide this table in the UI and the text report file, please set the "Show Parameter Settings in Synthesis Report" option in "Analysis and Synthesis Settings -> More Settings" to "Off".


+-----------------------------------------------------------------------------------------+
; Parameter Settings for User Entity Instance: sad_operativo:datapath|registrador:reg_pA0 ;
+----------------+-------+----------------------------------------------------------------+
; Parameter Name ; Value ; Type                                                           ;
+----------------+-------+----------------------------------------------------------------+
; n              ; 8     ; Signed Integer                                                 ;
+----------------+-------+----------------------------------------------------------------+
Note: In order to hide this table in the UI and the text report file, please set the "Show Parameter Settings in Synthesis Report" option in "Analysis and Synthesis Settings -> More Settings" to "Off".


+-----------------------------------------------------------------------------------------+
; Parameter Settings for User Entity Instance: sad_operativo:datapath|registrador:reg_pA1 ;
+----------------+-------+----------------------------------------------------------------+
; Parameter Name ; Value ; Type                                                           ;
+----------------+-------+----------------------------------------------------------------+
; n              ; 8     ; Signed Integer                                                 ;
+----------------+-------+----------------------------------------------------------------+
Note: In order to hide this table in the UI and the text report file, please set the "Show Parameter Settings in Synthesis Report" option in "Analysis and Synthesis Settings -> More Settings" to "Off".


+-----------------------------------------------------------------------------------------+
; Parameter Settings for User Entity Instance: sad_operativo:datapath|registrador:reg_pA2 ;
+----------------+-------+----------------------------------------------------------------+
; Parameter Name ; Value ; Type                                                           ;
+----------------+-------+----------------------------------------------------------------+
; n              ; 8     ; Signed Integer                                                 ;
+----------------+-------+----------------------------------------------------------------+
Note: In order to hide this table in the UI and the text report file, please set the "Show Parameter Settings in Synthesis Report" option in "Analysis and Synthesis Settings -> More Settings" to "Off".


+-----------------------------------------------------------------------------------------+
; Parameter Settings for User Entity Instance: sad_operativo:datapath|registrador:reg_pA3 ;
+----------------+-------+----------------------------------------------------------------+
; Parameter Name ; Value ; Type                                                           ;
+----------------+-------+----------------------------------------------------------------+
; n              ; 8     ; Signed Integer                                                 ;
+----------------+-------+----------------------------------------------------------------+
Note: In order to hide this table in the UI and the text report file, please set the "Show Parameter Settings in Synthesis Report" option in "Analysis and Synthesis Settings -> More Settings" to "Off".


+-----------------------------------------------------------------------------------------+
; Parameter Settings for User Entity Instance: sad_operativo:datapath|registrador:reg_pB0 ;
+----------------+-------+----------------------------------------------------------------+
; Parameter Name ; Value ; Type                                                           ;
+----------------+-------+----------------------------------------------------------------+
; n              ; 8     ; Signed Integer                                                 ;
+----------------+-------+----------------------------------------------------------------+
Note: In order to hide this table in the UI and the text report file, please set the "Show Parameter Settings in Synthesis Report" option in "Analysis and Synthesis Settings -> More Settings" to "Off".


+-----------------------------------------------------------------------------------------+
; Parameter Settings for User Entity Instance: sad_operativo:datapath|registrador:reg_pB1 ;
+----------------+-------+----------------------------------------------------------------+
; Parameter Name ; Value ; Type                                                           ;
+----------------+-------+----------------------------------------------------------------+
; n              ; 8     ; Signed Integer                                                 ;
+----------------+-------+----------------------------------------------------------------+
Note: In order to hide this table in the UI and the text report file, please set the "Show Parameter Settings in Synthesis Report" option in "Analysis and Synthesis Settings -> More Settings" to "Off".


+-----------------------------------------------------------------------------------------+
; Parameter Settings for User Entity Instance: sad_operativo:datapath|registrador:reg_pB2 ;
+----------------+-------+----------------------------------------------------------------+
; Parameter Name ; Value ; Type                                                           ;
+----------------+-------+----------------------------------------------------------------+
; n              ; 8     ; Signed Integer                                                 ;
+----------------+-------+----------------------------------------------------------------+
Note: In order to hide this table in the UI and the text report file, please set the "Show Parameter Settings in Synthesis Report" option in "Analysis and Synthesis Settings -> More Settings" to "Off".


+-----------------------------------------------------------------------------------------+
; Parameter Settings for User Entity Instance: sad_operativo:datapath|registrador:reg_pB3 ;
+----------------+-------+----------------------------------------------------------------+
; Parameter Name ; Value ; Type                                                           ;
+----------------+-------+----------------------------------------------------------------+
; n              ; 8     ; Signed Integer                                                 ;
+----------------+-------+----------------------------------------------------------------+
Note: In order to hide this table in the UI and the text report file, please set the "Show Parameter Settings in Synthesis Report" option in "Analysis and Synthesis Settings -> More Settings" to "Off".


+------------------------------------------------------------------------------------+
; Parameter Settings for User Entity Instance: sad_operativo:datapath|subtrator:sub0 ;
+----------------+-------+-----------------------------------------------------------+
; Parameter Name ; Value ; Type                                                      ;
+----------------+-------+-----------------------------------------------------------+
; n              ; 8     ; Signed Integer                                            ;
+----------------+-------+-----------------------------------------------------------+
Note: In order to hide this table in the UI and the text report file, please set the "Show Parameter Settings in Synthesis Report" option in "Analysis and Synthesis Settings -> More Settings" to "Off".


+------------------------------------------------------------------------------------+
; Parameter Settings for User Entity Instance: sad_operativo:datapath|subtrator:sub1 ;
+----------------+-------+-----------------------------------------------------------+
; Parameter Name ; Value ; Type                                                      ;
+----------------+-------+-----------------------------------------------------------+
; n              ; 8     ; Signed Integer                                            ;
+----------------+-------+-----------------------------------------------------------+
Note: In order to hide this table in the UI and the text report file, please set the "Show Parameter Settings in Synthesis Report" option in "Analysis and Synthesis Settings -> More Settings" to "Off".


+------------------------------------------------------------------------------------+
; Parameter Settings for User Entity Instance: sad_operativo:datapath|subtrator:sub2 ;
+----------------+-------+-----------------------------------------------------------+
; Parameter Name ; Value ; Type                                                      ;
+----------------+-------+-----------------------------------------------------------+
; n              ; 8     ; Signed Integer                                            ;
+----------------+-------+-----------------------------------------------------------+
Note: In order to hide this table in the UI and the text report file, please set the "Show Parameter Settings in Synthesis Report" option in "Analysis and Synthesis Settings -> More Settings" to "Off".


+------------------------------------------------------------------------------------+
; Parameter Settings for User Entity Instance: sad_operativo:datapath|subtrator:sub3 ;
+----------------+-------+-----------------------------------------------------------+
; Parameter Name ; Value ; Type                                                      ;
+----------------+-------+-----------------------------------------------------------+
; n              ; 8     ; Signed Integer                                            ;
+----------------+-------+-----------------------------------------------------------+
Note: In order to hide this table in the UI and the text report file, please set the "Show Parameter Settings in Synthesis Report" option in "Analysis and Synthesis Settings -> More Settings" to "Off".


+-------------------------------------------------------------------------------------------+
; Parameter Settings for User Entity Instance: sad_operativo:datapath|somadorover:somador_0 ;
+----------------+-------+------------------------------------------------------------------+
; Parameter Name ; Value ; Type                                                             ;
+----------------+-------+------------------------------------------------------------------+
; n              ; 8     ; Signed Integer                                                   ;
+----------------+-------+------------------------------------------------------------------+
Note: In order to hide this table in the UI and the text report file, please set the "Show Parameter Settings in Synthesis Report" option in "Analysis and Synthesis Settings -> More Settings" to "Off".


+-------------------------------------------------------------------------------------------+
; Parameter Settings for User Entity Instance: sad_operativo:datapath|somadorover:somador_1 ;
+----------------+-------+------------------------------------------------------------------+
; Parameter Name ; Value ; Type                                                             ;
+----------------+-------+------------------------------------------------------------------+
; n              ; 8     ; Signed Integer                                                   ;
+----------------+-------+------------------------------------------------------------------+
Note: In order to hide this table in the UI and the text report file, please set the "Show Parameter Settings in Synthesis Report" option in "Analysis and Synthesis Settings -> More Settings" to "Off".


+-------------------------------------------------------------------------------------------+
; Parameter Settings for User Entity Instance: sad_operativo:datapath|somadorover:somador_2 ;
+----------------+-------+------------------------------------------------------------------+
; Parameter Name ; Value ; Type                                                             ;
+----------------+-------+------------------------------------------------------------------+
; n              ; 9     ; Signed Integer                                                   ;
+----------------+-------+------------------------------------------------------------------+
Note: In order to hide this table in the UI and the text report file, please set the "Show Parameter Settings in Synthesis Report" option in "Analysis and Synthesis Settings -> More Settings" to "Off".


+-------------------------------------------------------------------------------------------+
; Parameter Settings for User Entity Instance: sad_operativo:datapath|somador:somador_total ;
+----------------+-------+------------------------------------------------------------------+
; Parameter Name ; Value ; Type                                                             ;
+----------------+-------+------------------------------------------------------------------+
; n              ; 14    ; Signed Integer                                                   ;
+----------------+-------+------------------------------------------------------------------+
Note: In order to hide this table in the UI and the text report file, please set the "Show Parameter Settings in Synthesis Report" option in "Analysis and Synthesis Settings -> More Settings" to "Off".


+---------------------------------------------------------------------------------------+
; Parameter Settings for User Entity Instance: sad_operativo:datapath|MUX2X1:mux_14bits ;
+----------------+-------+--------------------------------------------------------------+
; Parameter Name ; Value ; Type                                                         ;
+----------------+-------+--------------------------------------------------------------+
; n              ; 14    ; Signed Integer                                               ;
+----------------+-------+--------------------------------------------------------------+
Note: In order to hide this table in the UI and the text report file, please set the "Show Parameter Settings in Synthesis Report" option in "Analysis and Synthesis Settings -> More Settings" to "Off".


+------------------------------------------------------------------------------------------+
; Parameter Settings for User Entity Instance: sad_operativo:datapath|registrador:reg_soma ;
+----------------+-------+-----------------------------------------------------------------+
; Parameter Name ; Value ; Type                                                            ;
+----------------+-------+-----------------------------------------------------------------+
; n              ; 14    ; Signed Integer                                                  ;
+----------------+-------+-----------------------------------------------------------------+
Note: In order to hide this table in the UI and the text report file, please set the "Show Parameter Settings in Synthesis Report" option in "Analysis and Synthesis Settings -> More Settings" to "Off".


+-----------------------------------------------------------------------------------------+
; Parameter Settings for User Entity Instance: sad_operativo:datapath|registrador:reg_SAD ;
+----------------+-------+----------------------------------------------------------------+
; Parameter Name ; Value ; Type                                                           ;
+----------------+-------+----------------------------------------------------------------+
; n              ; 14    ; Signed Integer                                                 ;
+----------------+-------+----------------------------------------------------------------+
Note: In order to hide this table in the UI and the text report file, please set the "Show Parameter Settings in Synthesis Report" option in "Analysis and Synthesis Settings -> More Settings" to "Off".


+----------------------------------------------------------------------+
; Port Connectivity Checks: "sad_operativo:datapath|MUX2X1:mux_14bits" ;
+------+-------+----------+--------------------------------------------+
; Port ; Type  ; Severity ; Details                                    ;
+------+-------+----------+--------------------------------------------+
; ent1 ; Input ; Info     ; Stuck at GND                               ;
+------+-------+----------+--------------------------------------------+


+--------------------------------------------------------------------------+
; Port Connectivity Checks: "sad_operativo:datapath|somador:somador_total" ;
+-----------+-------+----------+-------------------------------------------+
; Port      ; Type  ; Severity ; Details                                   ;
+-----------+-------+----------+-------------------------------------------+
; b[13..10] ; Input ; Info     ; Stuck at GND                              ;
+-----------+-------+----------+-------------------------------------------+


+--------------------------------------------------------------------------+
; Port Connectivity Checks: "sad_operativo:datapath|somadorover:somador_i" ;
+---------+-------+----------+---------------------------------------------+
; Port    ; Type  ; Severity ; Details                                     ;
+---------+-------+----------+---------------------------------------------+
; b[3..1] ; Input ; Info     ; Stuck at GND                                ;
; b[0]    ; Input ; Info     ; Stuck at VCC                                ;
+---------+-------+----------+---------------------------------------------+


+-----------------------------------------------------------------+
; Port Connectivity Checks: "sad_operativo:datapath|MUX2X1:mux_i" ;
+------+-------+----------+---------------------------------------+
; Port ; Type  ; Severity ; Details                               ;
+------+-------+----------+---------------------------------------+
; ent1 ; Input ; Info     ; Stuck at GND                          ;
+------+-------+----------+---------------------------------------+


+-------------------------------+
; Elapsed Time Per Partition    ;
+----------------+--------------+
; Partition Name ; Elapsed Time ;
+----------------+--------------+
; Top            ; 00:00:00     ;
+----------------+--------------+


+-------------------------------+
; Analysis & Synthesis Messages ;
+-------------------------------+
Info: *******************************************************************
Info: Running Quartus II 64-Bit Analysis & Synthesis
    Info: Version 13.0.1 Build 232 06/12/2013 Service Pack 1 SJ Web Edition
    Info: Processing started: Tue Oct 10 20:41:28 2023
Info: Command: quartus_map --read_settings_files=on --write_settings_files=off sadv3 -c sadv3
Warning (20028): Parallel compilation is not licensed and has been disabled
Info (12021): Found 2 design units, including 1 entities, in source file topo.vhd
    Info (12022): Found design unit 1: topo-arc
    Info (12023): Found entity 1: topo
Info (12021): Found 2 design units, including 1 entities, in source file subtrator.vhd
    Info (12022): Found design unit 1: subtrator-arch
    Info (12023): Found entity 1: subtrator
Info (12021): Found 2 design units, including 1 entities, in source file somadorover.vhd
    Info (12022): Found design unit 1: somadorover-arch
    Info (12023): Found entity 1: somadorover
Info (12021): Found 2 design units, including 1 entities, in source file somador.vhd
    Info (12022): Found design unit 1: somador-arch
    Info (12023): Found entity 1: somador
Info (12021): Found 2 design units, including 1 entities, in source file sad_operativo.vhd
    Info (12022): Found design unit 1: sad_operativo-arc
    Info (12023): Found entity 1: sad_operativo
Info (12021): Found 2 design units, including 1 entities, in source file sad_controle.vhd
    Info (12022): Found design unit 1: sad_controle-bloco
    Info (12023): Found entity 1: sad_controle
Info (12021): Found 2 design units, including 1 entities, in source file registrador.vhd
    Info (12022): Found design unit 1: registrador-arch
    Info (12023): Found entity 1: registrador
Info (12021): Found 2 design units, including 1 entities, in source file mux2x1.vhd
    Info (12022): Found design unit 1: MUX2X1-circuito
    Info (12023): Found entity 1: MUX2X1
Info (12127): Elaborating entity "topo" for the top level hierarchy
Info (12128): Elaborating entity "sad_controle" for hierarchy "sad_controle:controle"
Info (12128): Elaborating entity "sad_operativo" for hierarchy "sad_operativo:datapath"
Warning (10541): VHDL Signal Declaration warning at sad_operativo.vhd(20): used implicit default value for signal "end_mem" because signal was never assigned a value or an explicit default value. Use of implicit default value may introduce unintended design optimizations.
Info (12128): Elaborating entity "MUX2X1" for hierarchy "sad_operativo:datapath|MUX2X1:mux_i"
Info (12128): Elaborating entity "registrador" for hierarchy "sad_operativo:datapath|registrador:reg_i"
Warning (10492): VHDL Process Statement warning at registrador.vhd(17): signal "carga" is read inside the Process Statement but isn't in the Process Statement's sensitivity list
Info (12128): Elaborating entity "somadorover" for hierarchy "sad_operativo:datapath|somadorover:somador_i"
Info (12128): Elaborating entity "registrador" for hierarchy "sad_operativo:datapath|registrador:reg_pA0"
Warning (10492): VHDL Process Statement warning at registrador.vhd(17): signal "carga" is read inside the Process Statement but isn't in the Process Statement's sensitivity list
Info (12128): Elaborating entity "subtrator" for hierarchy "sad_operativo:datapath|subtrator:sub0"
Warning (10492): VHDL Process Statement warning at subtrator.vhd(19): signal "A" is read inside the Process Statement but isn't in the Process Statement's sensitivity list
Warning (10492): VHDL Process Statement warning at subtrator.vhd(19): signal "B" is read inside the Process Statement but isn't in the Process Statement's sensitivity list
Warning (10492): VHDL Process Statement warning at subtrator.vhd(20): signal "A" is read inside the Process Statement but isn't in the Process Statement's sensitivity list
Warning (10492): VHDL Process Statement warning at subtrator.vhd(20): signal "B" is read inside the Process Statement but isn't in the Process Statement's sensitivity list
Warning (10492): VHDL Process Statement warning at subtrator.vhd(22): signal "B" is read inside the Process Statement but isn't in the Process Statement's sensitivity list
Warning (10492): VHDL Process Statement warning at subtrator.vhd(22): signal "A" is read inside the Process Statement but isn't in the Process Statement's sensitivity list
Info (12128): Elaborating entity "somadorover" for hierarchy "sad_operativo:datapath|somadorover:somador_0"
Info (12128): Elaborating entity "somadorover" for hierarchy "sad_operativo:datapath|somadorover:somador_2"
Info (12128): Elaborating entity "somador" for hierarchy "sad_operativo:datapath|somador:somador_total"
Info (12128): Elaborating entity "MUX2X1" for hierarchy "sad_operativo:datapath|MUX2X1:mux_14bits"
Info (12128): Elaborating entity "registrador" for hierarchy "sad_operativo:datapath|registrador:reg_soma"
Warning (10492): VHDL Process Statement warning at registrador.vhd(17): signal "carga" is read inside the Process Statement but isn't in the Process Statement's sensitivity list
Warning (13024): Output pins are stuck at VCC or GND
    Warning (13410): Pin "end_mem[0]" is stuck at GND
    Warning (13410): Pin "end_mem[1]" is stuck at GND
    Warning (13410): Pin "end_mem[2]" is stuck at GND
    Warning (13410): Pin "end_mem[3]" is stuck at GND
Info (286030): Timing-Driven Synthesis is running
Info (16010): Generating hard_block partition "hard_block:auto_generated_inst"
    Info (16011): Adding 0 node(s), including 0 DDIO, 0 PLL, 0 transceiver and 0 LCELL
Info (21057): Implemented 348 device resources after synthesis - the final resource count might be different
    Info (21058): Implemented 67 input pins
    Info (21059): Implemented 20 output pins
    Info (21061): Implemented 261 logic cells
Info: Quartus II 64-Bit Analysis & Synthesis was successful. 0 errors, 16 warnings
    Info: Peak virtual memory: 4631 megabytes
    Info: Processing ended: Tue Oct 10 20:41:30 2023
    Info: Elapsed time: 00:00:02
    Info: Total CPU time (on all processors): 00:00:01


